六月 02, 2015 11:55:42 上午 org.apache.catalina.core.ApplicationContext log
INFO: ContextListener: contextInitialized()
六月 02, 2015 11:55:42 上午 org.apache.catalina.core.ApplicationContext log
INFO: SessionListener: contextInitialized()
六月 02, 2015 11:55:42 上午 org.apache.catalina.core.ApplicationContext log
INFO: ContextListener: attributeAdded('org.apache.jasper.compiler.TldLocationsCache', 'org.apache.jasper.compiler.TldLocationsCache@7336ed6f')
六月 02, 2015 11:55:43 上午 org.apache.catalina.core.ApplicationContext log
INFO: SessionListener: contextDestroyed()
六月 02, 2015 11:55:43 上午 org.apache.catalina.core.ApplicationContext log
INFO: ContextListener: contextDestroyed()
六月 02, 2015 11:58:54 上午 org.apache.catalina.core.ApplicationContext log
INFO: ContextListener: contextInitialized()
六月 02, 2015 11:58:54 上午 org.apache.catalina.core.ApplicationContext log
INFO: SessionListener: contextInitialized()
六月 02, 2015 11:58:54 上午 org.apache.catalina.core.ApplicationContext log
INFO: ContextListener: attributeAdded('org.apache.jasper.compiler.TldLocationsCache', 'org.apache.jasper.compiler.TldLocationsCache@5d451c18')
六月 02, 2015 11:58:56 上午 org.apache.catalina.core.ApplicationContext log
INFO: SessionListener: contextDestroyed()
六月 02, 2015 11:58:56 上午 org.apache.catalina.core.ApplicationContext log
INFO: ContextListener: contextDestroyed()
六月 02, 2015 4:48:10 下午 org.apache.catalina.core.ApplicationContext log
INFO: ContextListener: contextInitialized()
六月 02, 2015 4:48:10 下午 org.apache.catalina.core.ApplicationContext log
INFO: SessionListener: contextInitialized()
六月 02, 2015 4:48:10 下午 org.apache.catalina.core.ApplicationContext log
INFO: ContextListener: attributeAdded('org.apache.jasper.compiler.TldLocationsCache', 'org.apache.jasper.compiler.TldLocationsCache@659b028f')
六月 02, 2015 4:48:12 下午 org.apache.catalina.core.ApplicationContext log
INFO: SessionListener: contextDestroyed()
六月 02, 2015 4:48:12 下午 org.apache.catalina.core.ApplicationContext log
INFO: ContextListener: contextDestroyed()
六月 02, 2015 4:48:46 下午 org.apache.catalina.core.ApplicationContext log
INFO: ContextListener: contextInitialized()
六月 02, 2015 4:48:46 下午 org.apache.catalina.core.ApplicationContext log
INFO: SessionListener: contextInitialized()
六月 02, 2015 4:48:46 下午 org.apache.catalina.core.ApplicationContext log
INFO: ContextListener: attributeAdded('org.apache.jasper.compiler.TldLocationsCache', 'org.apache.jasper.compiler.TldLocationsCache@4ce76d34')
六月 02, 2015 4:48:47 下午 org.apache.catalina.core.ApplicationContext log
INFO: SessionListener: contextDestroyed()
六月 02, 2015 4:48:47 下午 org.apache.catalina.core.ApplicationContext log
INFO: ContextListener: contextDestroyed()
六月 02, 2015 9:54:34 下午 org.apache.catalina.core.ApplicationContext log
INFO: ContextListener: contextInitialized()
六月 02, 2015 9:54:34 下午 org.apache.catalina.core.ApplicationContext log
INFO: SessionListener: contextInitialized()
六月 02, 2015 9:54:34 下午 org.apache.catalina.core.ApplicationContext log
INFO: ContextListener: attributeAdded('org.apache.jasper.compiler.TldLocationsCache', 'org.apache.jasper.compiler.TldLocationsCache@56a67e19')
六月 02, 2015 9:54:36 下午 org.apache.catalina.core.ApplicationContext log
INFO: SessionListener: contextDestroyed()
六月 02, 2015 9:54:36 下午 org.apache.catalina.core.ApplicationContext log
INFO: ContextListener: contextDestroyed()
六月 02, 2015 10:01:36 下午 org.apache.catalina.core.ApplicationContext log
INFO: ContextListener: contextInitialized()
六月 02, 2015 10:01:36 下午 org.apache.catalina.core.ApplicationContext log
INFO: SessionListener: contextInitialized()
六月 02, 2015 10:01:36 下午 org.apache.catalina.core.ApplicationContext log
INFO: ContextListener: attributeAdded('org.apache.jasper.compiler.TldLocationsCache', 'org.apache.jasper.compiler.TldLocationsCache@1b19de47')
六月 02, 2015 10:05:03 下午 org.apache.catalina.core.ApplicationContext log
INFO: ContextListener: contextInitialized()
六月 02, 2015 10:05:03 下午 org.apache.catalina.core.ApplicationContext log
INFO: SessionListener: contextInitialized()
六月 02, 2015 10:05:03 下午 org.apache.catalina.core.ApplicationContext log
INFO: ContextListener: attributeAdded('org.apache.jasper.compiler.TldLocationsCache', 'org.apache.jasper.compiler.TldLocationsCache@4c2f11e8')
六月 02, 2015 10:06:01 下午 org.apache.catalina.core.ApplicationContext log
INFO: ContextListener: contextInitialized()
六月 02, 2015 10:06:01 下午 org.apache.catalina.core.ApplicationContext log
INFO: SessionListener: contextInitialized()
六月 02, 2015 10:06:01 下午 org.apache.catalina.core.ApplicationContext log
INFO: ContextListener: attributeAdded('org.apache.jasper.compiler.TldLocationsCache', 'org.apache.jasper.compiler.TldLocationsCache@379c9e1f')
六月 02, 2015 10:09:07 下午 org.apache.catalina.core.ApplicationContext log
INFO: ContextListener: contextInitialized()
六月 02, 2015 10:09:07 下午 org.apache.catalina.core.ApplicationContext log
INFO: SessionListener: contextInitialized()
六月 02, 2015 10:09:07 下午 org.apache.catalina.core.ApplicationContext log
INFO: ContextListener: attributeAdded('org.apache.jasper.compiler.TldLocationsCache', 'org.apache.jasper.compiler.TldLocationsCache@7bbe6fbd')
六月 02, 2015 10:12:50 下午 org.apache.catalina.core.ApplicationContext log
INFO: ContextListener: contextInitialized()
六月 02, 2015 10:12:50 下午 org.apache.catalina.core.ApplicationContext log
INFO: SessionListener: contextInitialized()
六月 02, 2015 10:12:50 下午 org.apache.catalina.core.ApplicationContext log
INFO: ContextListener: attributeAdded('org.apache.jasper.compiler.TldLocationsCache', 'org.apache.jasper.compiler.TldLocationsCache@51042eac')
六月 02, 2015 10:14:42 下午 org.apache.catalina.core.ApplicationContext log
INFO: SessionListener: contextDestroyed()
六月 02, 2015 10:14:42 下午 org.apache.catalina.core.ApplicationContext log
INFO: ContextListener: contextDestroyed()
六月 02, 2015 10:15:09 下午 org.apache.catalina.core.ApplicationContext log
INFO: ContextListener: contextInitialized()
六月 02, 2015 10:15:09 下午 org.apache.catalina.core.ApplicationContext log
INFO: SessionListener: contextInitialized()
六月 02, 2015 10:15:09 下午 org.apache.catalina.core.ApplicationContext log
INFO: ContextListener: attributeAdded('org.apache.jasper.compiler.TldLocationsCache', 'org.apache.jasper.compiler.TldLocationsCache@cca43f9')
六月 02, 2015 10:16:13 下午 org.apache.catalina.core.ApplicationContext log
INFO: ContextListener: contextInitialized()
六月 02, 2015 10:16:13 下午 org.apache.catalina.core.ApplicationContext log
INFO: SessionListener: contextInitialized()
六月 02, 2015 10:16:13 下午 org.apache.catalina.core.ApplicationContext log
INFO: ContextListener: attributeAdded('org.apache.jasper.compiler.TldLocationsCache', 'org.apache.jasper.compiler.TldLocationsCache@1be9b936')
六月 02, 2015 10:19:02 下午 org.apache.catalina.core.ApplicationContext log
INFO: SessionListener: contextDestroyed()
六月 02, 2015 10:19:02 下午 org.apache.catalina.core.ApplicationContext log
INFO: ContextListener: contextDestroyed()
六月 02, 2015 10:19:26 下午 org.apache.catalina.core.ApplicationContext log
INFO: ContextListener: contextInitialized()
六月 02, 2015 10:19:26 下午 org.apache.catalina.core.ApplicationContext log
INFO: SessionListener: contextInitialized()
六月 02, 2015 10:19:26 下午 org.apache.catalina.core.ApplicationContext log
INFO: ContextListener: attributeAdded('org.apache.jasper.compiler.TldLocationsCache', 'org.apache.jasper.compiler.TldLocationsCache@6ec40c')
六月 02, 2015 10:20:14 下午 org.apache.catalina.core.ApplicationContext log
INFO: SessionListener: contextDestroyed()
六月 02, 2015 10:20:14 下午 org.apache.catalina.core.ApplicationContext log
INFO: ContextListener: contextDestroyed()
六月 02, 2015 10:20:20 下午 org.apache.catalina.core.ApplicationContext log
INFO: ContextListener: contextInitialized()
六月 02, 2015 10:20:20 下午 org.apache.catalina.core.ApplicationContext log
INFO: SessionListener: contextInitialized()
六月 02, 2015 10:20:20 下午 org.apache.catalina.core.ApplicationContext log
INFO: ContextListener: attributeAdded('org.apache.jasper.compiler.TldLocationsCache', 'org.apache.jasper.compiler.TldLocationsCache@267a617c')
